#
# A fatal error has been detected by the Java Runtime Environment:
#
#  EXCEPTION_ACCESS_VIOLATION (0xc0000005) at pc=0x00007fffd1686918, pid=7792, tid=11076
#
# JRE version: Java(TM) SE Runtime Environment (21.0.3+7) (build 21.0.3+7-LTS-152)
# Java VM: Java HotSpot(TM) 64-Bit Server VM (21.0.3+7-LTS-152, mixed mode, sharing, tiered, compressed oops, compressed class ptrs, g1 gc, windows-amd64)
# Problematic frame:
# C  [jdwp.dll+0x26918]
#
# No core dump will be written. Minidumps are not enabled by default on client versions of Windows
#
# If you would like to submit a bug report, please visit:
#   https://bugreport.java.com/bugreport/crash.jsp
# The crash happened outside the Java Virtual Machine in native code.
# See problematic frame for where to report the bug.
#

---------------  S U M M A R Y ------------

Command Line: -agentlib:jdwp=transport=dt_socket,server=n,suspend=y,address=127.0.0.1:50347 -Dfile.encoding=windows-1252 -Duser.country=US -Duser.language=en -Duser.variant Main

Host: Intel(R) Core(TM) i5-4570T CPU @ 2.90GHz, 4 cores, 7G,  Windows 10 , 64 bit Build 19041 (10.0.19041.3636)
Time: Mon Jun 24 10:58:21 2024 US Mountain Standard Time elapsed time: 2.405431 seconds (0d 0h 0m 2s)

---------------  T H R E A D  ---------------

Current thread (0x000001e5ee3edb40):  JavaThread "main"             [_thread_in_native, id=11076, stack(0x000000bf68700000,0x000000bf68800000) (1024K)]

Stack: [0x000000bf68700000,0x000000bf68800000],  sp=0x000000bf687fedd8,  free space=1019k
Native frames: (J=compiled Java code, j=interpreted, Vv=VM code, C=native code)
C  [jdwp.dll+0x26918]

Java frames: (J=compiled Java code, j=interpreted, Vv=VM code)
j  jade.Window.changeScene(I)V+28
j  jade.Window.init()V+162
j  jade.Window.run()V+15
j  Main.main([Ljava/lang/String;)V+5
v  ~StubRoutines::call_stub 0x000001e58753100d

siginfo: EXCEPTION_ACCESS_VIOLATION (0xc0000005), reading address 0xffffffffffffffff


Registers:
RAX=0x000001e5fe3f7380, RBX=0x000001e5ee406e20, RCX=0x000001e5ee3edef8, RDX=0x000001e5ee406e20
RSP=0x000000bf687fedd8, RBP=0x0000000000000002, RSI=0x000000bf687fee80, RDI=0x000001e5ee3edef8
R8 =0x0000000000010002, R9 =0x0000000000000000, R10=0x00007fffd8990000, R11=0x000000bf687feda8
R12=0x0000000000000007, R13=0x000001e5ee406e20, R14=0x00007fffd1690400, R15=0x0000000000000000
RIP=0x00007fffd1686918, EFLAGS=0x0000000000010202


Register to memory mapping:

RAX=0x000001e5fe3f7380 points into unknown readable memory: 0x0000000000000000 | 00 00 00 00 00 00 00 00
RBX=0x000001e5ee406e20 points into unknown readable memory: 0x00000000887ac950 | 50 c9 7a 88 00 00 00 00
RCX=0x000001e5ee3edef8 points into unknown readable memory: 0x000001e5fe3f7380 | 80 73 3f fe e5 01 00 00
RDX=0x000001e5ee406e20 points into unknown readable memory: 0x00000000887ac950 | 50 c9 7a 88 00 00 00 00
RSP=0x000000bf687fedd8 is pointing into the stack for thread: 0x000001e5ee3edb40
RBP=0x0000000000000002 is an unknown value
RSI=0x000000bf687fee80 is pointing into the stack for thread: 0x000001e5ee3edb40
RDI=0x000001e5ee3edef8 points into unknown readable memory: 0x000001e5fe3f7380 | 80 73 3f fe e5 01 00 00
R8 =0x0000000000010002 is an unknown value
R9 =0x0 is null
R10=0x00007fffd8990000 VCRUNTIME140.dll
R11=0x000000bf687feda8 is pointing into the stack for thread: 0x000001e5ee3edb40
R12=0x0000000000000007 is an unknown value
R13=0x000001e5ee406e20 points into unknown readable memory: 0x00000000887ac950 | 50 c9 7a 88 00 00 00 00
R14=0x00007fffd1690400 jdwp.dll
R15=0x0 is null

Top of Stack: (sp=0x000000bf687fedd8)
0x000000bf687fedd8:   00007fffd16761bf 000001e5ee406e20
0x000000bf687fede8:   000000bf687fee80 0000000000000000
0x000000bf687fedf8:   0000000000000000 0000000200000007
0x000000bf687fee08:   000001e5fd73a7c0 000001e5ee3cf170
0x000000bf687fee18:   00007fffd1690428 000001e5ee3ee118
0x000000bf687fee28:   00007fffd167283f 000001e5ee406e20
0x000000bf687fee38:   0000000000000002 000001e5ee3edef8
0x000000bf687fee48:   000001e5ee406e28 000000bf687ff040
0x000000bf687fee58:   000001e5fdd256b8 0000000500000100
0x000000bf687fee68:   000001e590000c20 0000000000000000
0x000000bf687fee78:   000001e58f000e80 0000000000000007
0x000000bf687fee88:   000001e5ee406e20 0000000000000000
0x000000bf687fee98:   000001e5ee406e28 0000000000000000
0x000000bf687feea8:   0000000000000000 0000000000000000
0x000000bf687feeb8:   0000000000000000 0000000000000000
0x000000bf687feec8:   0000000000000000 0000000000000000
0x000000bf687feed8:   000001e5ee3ee118 000001e590000c20
0x000000bf687feee8:   00007fffaad754e7 000001e5ee406e28
0x000000bf687feef8:   000001e5fd971d10 000001e5ee3edb40
0x000000bf687fef08:   00007fffaaa82912 00002cdede7fb08c
0x000000bf687fef18:   000001e5f0648020 000001e5ee3edb40
0x000000bf687fef28:   000001e5d04011e4 000000bf687fefc0
0x000000bf687fef38:   00007fffaaa7f1b0 000001e590000c20
0x000000bf687fef48:   0000000000000000 000001e5ee3d1170
0x000000bf687fef58:   000001e5ee3ee1b0 000001e5ee3ee1c0
0x000000bf687fef68:   000001e5ee3ee598 00000000000003d8
0x000000bf687fef78:   000001e5ee3edb40 000001e5ee3edb40
0x000000bf687fef88:   000001e5ee3d18b0 000001e5ee3c8190
0x000000bf687fef98:   000001e5ee3c81a0 000001e5ee3c8278
0x000000bf687fefa8:   00000000000000d8 000000bf687fefc0
0x000000bf687fefb8:   00007fffaaa79561 000001e5ee3edb40
0x000000bf687fefc8:   000001e5ee3d18b0 000001e5ee3c8190 

Instructions: (pc=0x00007fffd1686918)
0x00007fffd1686818:   05 e3 08 01 00 48 8b 03 48 8b d7 4d 8b 40 30 48
0x00007fffd1686828:   8b cb 48 8b 5c 24 30 48 83 c4 20 5f 48 ff a0 00
0x00007fffd1686838:   01 00 00 cc 48 89 5c 24 08 57 48 83 ec 20 48 8b
0x00007fffd1686848:   f9 e8 f2 ea ff ff 4c 8b 05 ab 08 01 00 48 8b d8
0x00007fffd1686858:   41 f6 80 10 02 00 00 02 74 33 41 b8 20 06 00 00
0x00007fffd1686868:   48 8d 15 19 c4 00 00 48 8d 0d 8e 5b 00 00 e8 d9
0x00007fffd1686878:   48 ff ff 48 8d 15 56 9a 00 00 48 8d 0d 8f 5b 00
0x00007fffd1686888:   00 e8 6e 49 ff ff 4c 8b 05 6b 08 01 00 48 8b 03
0x00007fffd1686898:   48 8b d7 4d 8b 40 38 48 8b cb 48 8b 5c 24 30 48
0x00007fffd16868a8:   83 c4 20 5f 48 ff a0 00 01 00 00 cc 48 89 5c 24
0x00007fffd16868b8:   08 57 48 83 ec 20 48 8b f9 e8 7a ea ff ff 48 8b
0x00007fffd16868c8:   15 33 08 01 00 48 8b d8 f6 82 10 02 00 00 02 74
0x00007fffd16868d8:   2c 41 b8 12 06 00 00 48 8d 15 a2 c3 00 00 48 8d
0x00007fffd16868e8:   0d 17 5b 00 00 e8 62 48 ff ff 48 8d 15 f7 6b 00
0x00007fffd16868f8:   00 48 8d 0d 18 5b 00 00 e8 f7 48 ff ff 48 8b 03
0x00007fffd1686908:   48 8b d7 48 8b cb 48 8b 5c 24 30 48 83 c4 20 5f
0x00007fffd1686918:   48 ff a0 50 07 00 00 cc 48 89 5c 24 08 48 89 74
0x00007fffd1686928:   24 10 48 89 7c 24 18 41 56 48 83 ec 20 4c 63 f2
0x00007fffd1686938:   49 8b d8 48 8b d1 41 8b f9 48 8b cb 4d 8d 46 ff
0x00007fffd1686948:   ff 15 22 59 00 00 85 c0 75 3c 41 0f be 44 1e ff
0x00007fffd1686958:   3b c7 75 32 49 03 de eb 10 0f be c8 ff 15 f6 58
0x00007fffd1686968:   00 00 85 c0 74 09 48 ff c3 8a 03 84 c0 75 ea 80
0x00007fffd1686978:   3b 3b 74 12 8b d7 48 8b cb e8 2c 4b 00 00 48 85
0x00007fffd1686988:   c0 0f 94 c0 eb 02 32 c0 48 8b 5c 24 30 48 8b 74
0x00007fffd1686998:   24 38 48 8b 7c 24 40 48 83 c4 20 41 5e c3 cc cc
0x00007fffd16869a8:   0f b6 d1 83 fa 1e 0f 87 83 00 00 00 74 7b 83 fa
0x00007fffd16869b8:   07 77 41 74 39 83 ea 01 74 2e 83 ea 01 74 23 83
0x00007fffd16869c8:   ea 01 74 18 83 ea 01 74 0d 83 fa 02 0f 85 8a 00
0x00007fffd16869d8:   00 00 8d 42 03 c3 b8 04 00 00 00 c3 b8 03 00 00
0x00007fffd16869e8:   00 c3 b8 02 00 00 00 c3 b8 01 00 00 00 c3 b8 06
0x00007fffd16869f8:   00 00 00 c3 b8 08 00 00 00 2b d0 74 26 83 ea 01
0x00007fffd1686a08:   0f 84 88 00 00 00 83 ea 01 74 12 b8 0a 00 00 00 


Stack slot to memory mapping:

stack at sp + 0 slots: 0x00007fffd16761bf jdwp.dll
stack at sp + 1 slots: 0x000001e5ee406e20 points into unknown readable memory: 0x00000000887ac950 | 50 c9 7a 88 00 00 00 00
stack at sp + 2 slots: 0x000000bf687fee80 is pointing into the stack for thread: 0x000001e5ee3edb40
stack at sp + 3 slots: 0x0 is null
stack at sp + 4 slots: 0x0 is null
stack at sp + 5 slots: 0x0000000200000007 is an unknown value
stack at sp + 6 slots: 0x000001e5fd73a7c0 points into unknown readable memory: 0x000001e587ad0010 | 10 00 ad 87 e5 01 00 00
stack at sp + 7 slots: 0x000001e5ee3cf170 points into unknown readable memory: 0x8000001200000001 | 01 00 00 00 12 00 00 80


---------------  P R O C E S S  ---------------

Threads class SMR info:
_java_thread_list=0x000001e5fd9d30b0, length=14, elements={
0x000001e5ee3edb40, 0x000001e5fd73bf10, 0x000001e5fd73ce30, 0x000001e5fd740c20,
0x000001e5fd743790, 0x000001e5fd7441f0, 0x000001e5fd744c50, 0x000001e5fd7459e0,
0x000001e5fd76d1c0, 0x000001e5fd9a8ce0, 0x000001e5fd9b3ec0, 0x000001e5fd9ba560,
0x000001e5fd9bf430, 0x000001e5fd9c0c70
}

Java Threads: ( => current thread )
=>0x000001e5ee3edb40 JavaThread "main"                              [_thread_in_native, id=11076, stack(0x000000bf68700000,0x000000bf68800000) (1024K)]
  0x000001e5fd73bf10 JavaThread "Reference Handler"          daemon [_thread_blocked, id=10672, stack(0x000000bf68f00000,0x000000bf69000000) (1024K)]
  0x000001e5fd73ce30 JavaThread "Finalizer"                  daemon [_thread_blocked, id=6512, stack(0x000000bf69000000,0x000000bf69100000) (1024K)]
  0x000001e5fd740c20 JavaThread "Signal Dispatcher"          daemon [_thread_blocked, id=7376, stack(0x000000bf69100000,0x000000bf69200000) (1024K)]
  0x000001e5fd743790 JavaThread "Attach Listener"            daemon [_thread_blocked, id=6604, stack(0x000000bf69200000,0x000000bf69300000) (1024K)]
  0x000001e5fd7441f0 JavaThread "Service Thread"             daemon [_thread_blocked, id=1564, stack(0x000000bf69300000,0x000000bf69400000) (1024K)]
  0x000001e5fd744c50 JavaThread "Monitor Deflation Thread"   daemon [_thread_blocked, id=8756, stack(0x000000bf69400000,0x000000bf69500000) (1024K)]
  0x000001e5fd7459e0 JavaThread "C2 CompilerThread0"         daemon [_thread_blocked, id=12868, stack(0x000000bf69500000,0x000000bf69600000) (1024K)]
  0x000001e5fd76d1c0 JavaThread "C1 CompilerThread0"         daemon [_thread_blocked, id=11268, stack(0x000000bf69600000,0x000000bf69700000) (1024K)]
  0x000001e5fd9a8ce0 JavaThread "JDWP Transport Listener: dt_socket" daemon [_thread_blocked, id=15068, stack(0x000000bf69700000,0x000000bf69800000) (1024K)]
  0x000001e5fd9b3ec0 JavaThread "JDWP Event Helper Thread"   daemon [_thread_blocked, id=5168, stack(0x000000bf69800000,0x000000bf69900000) (1024K)]
  0x000001e5fd9ba560 JavaThread "JDWP Command Reader"        daemon [_thread_in_native, id=11280, stack(0x000000bf69900000,0x000000bf69a00000) (1024K)]
  0x000001e5fd9bf430 JavaThread "Notification Thread"        daemon [_thread_blocked, id=7064, stack(0x000000bf69a00000,0x000000bf69b00000) (1024K)]
  0x000001e5fd9c0c70 JavaThread "Common-Cleaner"             daemon [_thread_blocked, id=7396, stack(0x000000bf69b00000,0x000000bf69c00000) (1024K)]
Total: 14

Other Threads:
  0x000001e5fd717be0 VMThread "VM Thread"                           [id=6440, stack(0x000000bf68e00000,0x000000bf68f00000) (1024K)]
  0x000001e5fd701380 WatcherThread "VM Periodic Task Thread"        [id=9456, stack(0x000000bf68d00000,0x000000bf68e00000) (1024K)]
  0x000001e5f06a14d0 WorkerThread "GC Thread#0"                     [id=10860, stack(0x000000bf68800000,0x000000bf68900000) (1024K)]
  0x000001e5fe26c1f0 WorkerThread "GC Thread#1"                     [id=11296, stack(0x000000bf6a300000,0x000000bf6a400000) (1024K)]
  0x000001e5fe26c590 WorkerThread "GC Thread#2"                     [id=1452, stack(0x000000bf6a400000,0x000000bf6a500000) (1024K)]
  0x000001e5fe3f6fe0 WorkerThread "GC Thread#3"                     [id=11100, stack(0x000000bf6a500000,0x000000bf6a600000) (1024K)]
  0x000001e5f06b3d20 ConcurrentGCThread "G1 Main Marker"            [id=1540, stack(0x000000bf68900000,0x000000bf68a00000) (1024K)]
  0x000001e5f06b4730 WorkerThread "G1 Conc#0"                       [id=12140, stack(0x000000bf68a00000,0x000000bf68b00000) (1024K)]
  0x000001e5f071e660 ConcurrentGCThread "G1 Refine#0"               [id=4124, stack(0x000000bf68b00000,0x000000bf68c00000) (1024K)]
  0x000001e5fd5c69c0 ConcurrentGCThread "G1 Service"                [id=13500, stack(0x000000bf68c00000,0x000000bf68d00000) (1024K)]
Total: 10

Threads with active compile tasks:
Total: 0

VM state: not at safepoint (normal execution)

VM Mutex/Monitor currently owned by a thread: None

Heap address: 0x0000000081600000, size: 2026 MB, Compressed Oops mode: 32-bit

CDS archive(s) mapped at: [0x000001e58f000000-0x000001e58fc90000-0x000001e58fc90000), size 13172736, SharedBaseAddress: 0x000001e58f000000, ArchiveRelocationMode: 1.
Compressed class space mapped at: 0x000001e590000000-0x000001e5d0000000, reserved size: 1073741824
Narrow klass base: 0x000001e58f000000, Narrow klass shift: 0, Narrow klass range: 0x100000000

GC Precious Log:
 CardTable entry size: 512
 Card Set container configuration: InlinePtr #cards 5 size 8 Array Of Cards #cards 12 size 40 Howl #buckets 4 coarsen threshold 1843 Howl Bitmap #cards 512 size 80 coarsen threshold 460 Card regions per heap region 1 cards per card region 2048
 CPUs: 4 total, 4 available
 Memory: 8097M
 Large Page Support: Disabled
 NUMA Support: Disabled
 Compressed Oops: Enabled (32-bit)
 Heap Region Size: 1M
 Heap Min Capacity: 8M
 Heap Initial Capacity: 128M
 Heap Max Capacity: 2026M
 Pre-touch: Disabled
 Parallel Workers: 4
 Concurrent Workers: 1
 Concurrent Refinement Workers: 4
 Periodic GC: Disabled

Heap:
 garbage-first heap   total 131072K, used 2602K [0x0000000081600000, 0x0000000100000000)
  region size 1024K, 3 young (3072K), 2 survivors (2048K)
 Metaspace       used 4705K, committed 4864K, reserved 1114112K
  class space    used 233K, committed 320K, reserved 1048576K

Heap Regions: E=young(eden), S=young(survivor), O=old, HS=humongous(starts), HC=humongous(continues), CS=collection set, F=free, TAMS=top-at-mark-start, PB=parsable bottom
|   0|0x0000000081600000, 0x000000008168aa20, 0x0000000081700000| 54%| O|  |TAMS 0x0000000081600000| PB 0x0000000081600000| Untracked 
|   1|0x0000000081700000, 0x0000000081700000, 0x0000000081800000|  0%| F|  |TAMS 0x0000000081700000| PB 0x0000000081700000| Untracked 
|   2|0x0000000081800000, 0x0000000081800000, 0x0000000081900000|  0%| F|  |TAMS 0x0000000081800000| PB 0x0000000081800000| Untracked 
|   3|0x0000000081900000, 0x0000000081900000, 0x0000000081a00000|  0%| F|  |TAMS 0x0000000081900000| PB 0x0000000081900000| Untracked 
|   4|0x0000000081a00000, 0x0000000081a00000, 0x0000000081b00000|  0%| F|  |TAMS 0x0000000081a00000| PB 0x0000000081a00000| Untracked 
|   5|0x0000000081b00000, 0x0000000081b00000, 0x0000000081c00000|  0%| F|  |TAMS 0x0000000081b00000| PB 0x0000000081b00000| Untracked 
|   6|0x0000000081c00000, 0x0000000081c00000, 0x0000000081d00000|  0%| F|  |TAMS 0x0000000081c00000| PB 0x0000000081c00000| Untracked 
|   7|0x0000000081d00000, 0x0000000081d00000, 0x0000000081e00000|  0%| F|  |TAMS 0x0000000081d00000| PB 0x0000000081d00000| Untracked 
|   8|0x0000000081e00000, 0x0000000081e00000, 0x0000000081f00000|  0%| F|  |TAMS 0x0000000081e00000| PB 0x0000000081e00000| Untracked 
|   9|0x0000000081f00000, 0x0000000081f00000, 0x0000000082000000|  0%| F|  |TAMS 0x0000000081f00000| PB 0x0000000081f00000| Untracked 
|  10|0x0000000082000000, 0x0000000082000000, 0x0000000082100000|  0%| F|  |TAMS 0x0000000082000000| PB 0x0000000082000000| Untracked 
|  11|0x0000000082100000, 0x0000000082100000, 0x0000000082200000|  0%| F|  |TAMS 0x0000000082100000| PB 0x0000000082100000| Untracked 
|  12|0x0000000082200000, 0x0000000082200000, 0x0000000082300000|  0%| F|  |TAMS 0x0000000082200000| PB 0x0000000082200000| Untracked 
|  13|0x0000000082300000, 0x0000000082300000, 0x0000000082400000|  0%| F|  |TAMS 0x0000000082300000| PB 0x0000000082300000| Untracked 
|  14|0x0000000082400000, 0x0000000082400000, 0x0000000082500000|  0%| F|  |TAMS 0x0000000082400000| PB 0x0000000082400000| Untracked 
|  15|0x0000000082500000, 0x0000000082500000, 0x0000000082600000|  0%| F|  |TAMS 0x0000000082500000| PB 0x0000000082500000| Untracked 
|  16|0x0000000082600000, 0x0000000082600000, 0x0000000082700000|  0%| F|  |TAMS 0x0000000082600000| PB 0x0000000082600000| Untracked 
|  17|0x0000000082700000, 0x0000000082700000, 0x0000000082800000|  0%| F|  |TAMS 0x0000000082700000| PB 0x0000000082700000| Untracked 
|  18|0x0000000082800000, 0x0000000082800000, 0x0000000082900000|  0%| F|  |TAMS 0x0000000082800000| PB 0x0000000082800000| Untracked 
|  19|0x0000000082900000, 0x0000000082900000, 0x0000000082a00000|  0%| F|  |TAMS 0x0000000082900000| PB 0x0000000082900000| Untracked 
|  20|0x0000000082a00000, 0x0000000082a00000, 0x0000000082b00000|  0%| F|  |TAMS 0x0000000082a00000| PB 0x0000000082a00000| Untracked 
|  21|0x0000000082b00000, 0x0000000082b00000, 0x0000000082c00000|  0%| F|  |TAMS 0x0000000082b00000| PB 0x0000000082b00000| Untracked 
|  22|0x0000000082c00000, 0x0000000082c00000, 0x0000000082d00000|  0%| F|  |TAMS 0x0000000082c00000| PB 0x0000000082c00000| Untracked 
|  23|0x0000000082d00000, 0x0000000082d00000, 0x0000000082e00000|  0%| F|  |TAMS 0x0000000082d00000| PB 0x0000000082d00000| Untracked 
|  24|0x0000000082e00000, 0x0000000082e00000, 0x0000000082f00000|  0%| F|  |TAMS 0x0000000082e00000| PB 0x0000000082e00000| Untracked 
|  25|0x0000000082f00000, 0x0000000082f00000, 0x0000000083000000|  0%| F|  |TAMS 0x0000000082f00000| PB 0x0000000082f00000| Untracked 
|  26|0x0000000083000000, 0x0000000083000000, 0x0000000083100000|  0%| F|  |TAMS 0x0000000083000000| PB 0x0000000083000000| Untracked 
|  27|0x0000000083100000, 0x0000000083100000, 0x0000000083200000|  0%| F|  |TAMS 0x0000000083100000| PB 0x0000000083100000| Untracked 
|  28|0x0000000083200000, 0x0000000083200000, 0x0000000083300000|  0%| F|  |TAMS 0x0000000083200000| PB 0x0000000083200000| Untracked 
|  29|0x0000000083300000, 0x0000000083300000, 0x0000000083400000|  0%| F|  |TAMS 0x0000000083300000| PB 0x0000000083300000| Untracked 
|  30|0x0000000083400000, 0x0000000083400000, 0x0000000083500000|  0%| F|  |TAMS 0x0000000083400000| PB 0x0000000083400000| Untracked 
|  31|0x0000000083500000, 0x0000000083500000, 0x0000000083600000|  0%| F|  |TAMS 0x0000000083500000| PB 0x0000000083500000| Untracked 
|  32|0x0000000083600000, 0x0000000083600000, 0x0000000083700000|  0%| F|  |TAMS 0x0000000083600000| PB 0x0000000083600000| Untracked 
|  33|0x0000000083700000, 0x0000000083700000, 0x0000000083800000|  0%| F|  |TAMS 0x0000000083700000| PB 0x0000000083700000| Untracked 
|  34|0x0000000083800000, 0x0000000083800000, 0x0000000083900000|  0%| F|  |TAMS 0x0000000083800000| PB 0x0000000083800000| Untracked 
|  35|0x0000000083900000, 0x0000000083900000, 0x0000000083a00000|  0%| F|  |TAMS 0x0000000083900000| PB 0x0000000083900000| Untracked 
|  36|0x0000000083a00000, 0x0000000083a00000, 0x0000000083b00000|  0%| F|  |TAMS 0x0000000083a00000| PB 0x0000000083a00000| Untracked 
|  37|0x0000000083b00000, 0x0000000083b00000, 0x0000000083c00000|  0%| F|  |TAMS 0x0000000083b00000| PB 0x0000000083b00000| Untracked 
|  38|0x0000000083c00000, 0x0000000083c00000, 0x0000000083d00000|  0%| F|  |TAMS 0x0000000083c00000| PB 0x0000000083c00000| Untracked 
|  39|0x0000000083d00000, 0x0000000083d00000, 0x0000000083e00000|  0%| F|  |TAMS 0x0000000083d00000| PB 0x0000000083d00000| Untracked 
|  40|0x0000000083e00000, 0x0000000083e00000, 0x0000000083f00000|  0%| F|  |TAMS 0x0000000083e00000| PB 0x0000000083e00000| Untracked 
|  41|0x0000000083f00000, 0x0000000083f00000, 0x0000000084000000|  0%| F|  |TAMS 0x0000000083f00000| PB 0x0000000083f00000| Untracked 
|  42|0x0000000084000000, 0x0000000084000000, 0x0000000084100000|  0%| F|  |TAMS 0x0000000084000000| PB 0x0000000084000000| Untracked 
|  43|0x0000000084100000, 0x0000000084100000, 0x0000000084200000|  0%| F|  |TAMS 0x0000000084100000| PB 0x0000000084100000| Untracked 
|  44|0x0000000084200000, 0x0000000084200000, 0x0000000084300000|  0%| F|  |TAMS 0x0000000084200000| PB 0x0000000084200000| Untracked 
|  45|0x0000000084300000, 0x0000000084300000, 0x0000000084400000|  0%| F|  |TAMS 0x0000000084300000| PB 0x0000000084300000| Untracked 
|  46|0x0000000084400000, 0x0000000084400000, 0x0000000084500000|  0%| F|  |TAMS 0x0000000084400000| PB 0x0000000084400000| Untracked 
|  47|0x0000000084500000, 0x0000000084500000, 0x0000000084600000|  0%| F|  |TAMS 0x0000000084500000| PB 0x0000000084500000| Untracked 
|  48|0x0000000084600000, 0x0000000084600000, 0x0000000084700000|  0%| F|  |TAMS 0x0000000084600000| PB 0x0000000084600000| Untracked 
|  49|0x0000000084700000, 0x0000000084700000, 0x0000000084800000|  0%| F|  |TAMS 0x0000000084700000| PB 0x0000000084700000| Untracked 
|  50|0x0000000084800000, 0x0000000084800000, 0x0000000084900000|  0%| F|  |TAMS 0x0000000084800000| PB 0x0000000084800000| Untracked 
|  51|0x0000000084900000, 0x0000000084900000, 0x0000000084a00000|  0%| F|  |TAMS 0x0000000084900000| PB 0x0000000084900000| Untracked 
|  52|0x0000000084a00000, 0x0000000084a00000, 0x0000000084b00000|  0%| F|  |TAMS 0x0000000084a00000| PB 0x0000000084a00000| Untracked 
|  53|0x0000000084b00000, 0x0000000084b00000, 0x0000000084c00000|  0%| F|  |TAMS 0x0000000084b00000| PB 0x0000000084b00000| Untracked 
|  54|0x0000000084c00000, 0x0000000084c00000, 0x0000000084d00000|  0%| F|  |TAMS 0x0000000084c00000| PB 0x0000000084c00000| Untracked 
|  55|0x0000000084d00000, 0x0000000084d00000, 0x0000000084e00000|  0%| F|  |TAMS 0x0000000084d00000| PB 0x0000000084d00000| Untracked 
|  56|0x0000000084e00000, 0x0000000084e00000, 0x0000000084f00000|  0%| F|  |TAMS 0x0000000084e00000| PB 0x0000000084e00000| Untracked 
|  57|0x0000000084f00000, 0x0000000084f00000, 0x0000000085000000|  0%| F|  |TAMS 0x0000000084f00000| PB 0x0000000084f00000| Untracked 
|  58|0x0000000085000000, 0x0000000085000000, 0x0000000085100000|  0%| F|  |TAMS 0x0000000085000000| PB 0x0000000085000000| Untracked 
|  59|0x0000000085100000, 0x0000000085100000, 0x0000000085200000|  0%| F|  |TAMS 0x0000000085100000| PB 0x0000000085100000| Untracked 
|  60|0x0000000085200000, 0x0000000085200000, 0x0000000085300000|  0%| F|  |TAMS 0x0000000085200000| PB 0x0000000085200000| Untracked 
|  61|0x0000000085300000, 0x0000000085300000, 0x0000000085400000|  0%| F|  |TAMS 0x0000000085300000| PB 0x0000000085300000| Untracked 
|  62|0x0000000085400000, 0x0000000085400000, 0x0000000085500000|  0%| F|  |TAMS 0x0000000085400000| PB 0x0000000085400000| Untracked 
|  63|0x0000000085500000, 0x0000000085500000, 0x0000000085600000|  0%| F|  |TAMS 0x0000000085500000| PB 0x0000000085500000| Untracked 
|  64|0x0000000085600000, 0x0000000085600000, 0x0000000085700000|  0%| F|  |TAMS 0x0000000085600000| PB 0x0000000085600000| Untracked 
|  65|0x0000000085700000, 0x0000000085700000, 0x0000000085800000|  0%| F|  |TAMS 0x0000000085700000| PB 0x0000000085700000| Untracked 
|  66|0x0000000085800000, 0x0000000085800000, 0x0000000085900000|  0%| F|  |TAMS 0x0000000085800000| PB 0x0000000085800000| Untracked 
|  67|0x0000000085900000, 0x0000000085900000, 0x0000000085a00000|  0%| F|  |TAMS 0x0000000085900000| PB 0x0000000085900000| Untracked 
|  68|0x0000000085a00000, 0x0000000085a00000, 0x0000000085b00000|  0%| F|  |TAMS 0x0000000085a00000| PB 0x0000000085a00000| Untracked 
|  69|0x0000000085b00000, 0x0000000085b00000, 0x0000000085c00000|  0%| F|  |TAMS 0x0000000085b00000| PB 0x0000000085b00000| Untracked 
|  70|0x0000000085c00000, 0x0000000085c00000, 0x0000000085d00000|  0%| F|  |TAMS 0x0000000085c00000| PB 0x0000000085c00000| Untracked 
|  71|0x0000000085d00000, 0x0000000085d00000, 0x0000000085e00000|  0%| F|  |TAMS 0x0000000085d00000| PB 0x0000000085d00000| Untracked 
|  72|0x0000000085e00000, 0x0000000085e00000, 0x0000000085f00000|  0%| F|  |TAMS 0x0000000085e00000| PB 0x0000000085e00000| Untracked 
|  73|0x0000000085f00000, 0x0000000085f00000, 0x0000000086000000|  0%| F|  |TAMS 0x0000000085f00000| PB 0x0000000085f00000| Untracked 
|  74|0x0000000086000000, 0x0000000086000000, 0x0000000086100000|  0%| F|  |TAMS 0x0000000086000000| PB 0x0000000086000000| Untracked 
|  75|0x0000000086100000, 0x0000000086100000, 0x0000000086200000|  0%| F|  |TAMS 0x0000000086100000| PB 0x0000000086100000| Untracked 
|  76|0x0000000086200000, 0x0000000086200000, 0x0000000086300000|  0%| F|  |TAMS 0x0000000086200000| PB 0x0000000086200000| Untracked 
|  77|0x0000000086300000, 0x0000000086300000, 0x0000000086400000|  0%| F|  |TAMS 0x0000000086300000| PB 0x0000000086300000| Untracked 
|  78|0x0000000086400000, 0x0000000086400000, 0x0000000086500000|  0%| F|  |TAMS 0x0000000086400000| PB 0x0000000086400000| Untracked 
|  79|0x0000000086500000, 0x0000000086500000, 0x0000000086600000|  0%| F|  |TAMS 0x0000000086500000| PB 0x0000000086500000| Untracked 
|  80|0x0000000086600000, 0x0000000086600000, 0x0000000086700000|  0%| F|  |TAMS 0x0000000086600000| PB 0x0000000086600000| Untracked 
|  81|0x0000000086700000, 0x0000000086700000, 0x0000000086800000|  0%| F|  |TAMS 0x0000000086700000| PB 0x0000000086700000| Untracked 
|  82|0x0000000086800000, 0x0000000086800000, 0x0000000086900000|  0%| F|  |TAMS 0x0000000086800000| PB 0x0000000086800000| Untracked 
|  83|0x0000000086900000, 0x0000000086900000, 0x0000000086a00000|  0%| F|  |TAMS 0x0000000086900000| PB 0x0000000086900000| Untracked 
|  84|0x0000000086a00000, 0x0000000086a00000, 0x0000000086b00000|  0%| F|  |TAMS 0x0000000086a00000| PB 0x0000000086a00000| Untracked 
|  85|0x0000000086b00000, 0x0000000086b00000, 0x0000000086c00000|  0%| F|  |TAMS 0x0000000086b00000| PB 0x0000000086b00000| Untracked 
|  86|0x0000000086c00000, 0x0000000086c00000, 0x0000000086d00000|  0%| F|  |TAMS 0x0000000086c00000| PB 0x0000000086c00000| Untracked 
|  87|0x0000000086d00000, 0x0000000086d00000, 0x0000000086e00000|  0%| F|  |TAMS 0x0000000086d00000| PB 0x0000000086d00000| Untracked 
|  88|0x0000000086e00000, 0x0000000086e00000, 0x0000000086f00000|  0%| F|  |TAMS 0x0000000086e00000| PB 0x0000000086e00000| Untracked 
|  89|0x0000000086f00000, 0x0000000086f00000, 0x0000000087000000|  0%| F|  |TAMS 0x0000000086f00000| PB 0x0000000086f00000| Untracked 
|  90|0x0000000087000000, 0x0000000087000000, 0x0000000087100000|  0%| F|  |TAMS 0x0000000087000000| PB 0x0000000087000000| Untracked 
|  91|0x0000000087100000, 0x0000000087100000, 0x0000000087200000|  0%| F|  |TAMS 0x0000000087100000| PB 0x0000000087100000| Untracked 
|  92|0x0000000087200000, 0x0000000087200000, 0x0000000087300000|  0%| F|  |TAMS 0x0000000087200000| PB 0x0000000087200000| Untracked 
|  93|0x0000000087300000, 0x0000000087300000, 0x0000000087400000|  0%| F|  |TAMS 0x0000000087300000| PB 0x0000000087300000| Untracked 
|  94|0x0000000087400000, 0x0000000087400000, 0x0000000087500000|  0%| F|  |TAMS 0x0000000087400000| PB 0x0000000087400000| Untracked 
|  95|0x0000000087500000, 0x0000000087500000, 0x0000000087600000|  0%| F|  |TAMS 0x0000000087500000| PB 0x0000000087500000| Untracked 
|  96|0x0000000087600000, 0x0000000087600000, 0x0000000087700000|  0%| F|  |TAMS 0x0000000087600000| PB 0x0000000087600000| Untracked 
|  97|0x0000000087700000, 0x0000000087700000, 0x0000000087800000|  0%| F|  |TAMS 0x0000000087700000| PB 0x0000000087700000| Untracked 
|  98|0x0000000087800000, 0x0000000087800000, 0x0000000087900000|  0%| F|  |TAMS 0x0000000087800000| PB 0x0000000087800000| Untracked 
|  99|0x0000000087900000, 0x0000000087900000, 0x0000000087a00000|  0%| F|  |TAMS 0x0000000087900000| PB 0x0000000087900000| Untracked 
| 100|0x0000000087a00000, 0x0000000087a00000, 0x0000000087b00000|  0%| F|  |TAMS 0x0000000087a00000| PB 0x0000000087a00000| Untracked 
| 101|0x0000000087b00000, 0x0000000087b00000, 0x0000000087c00000|  0%| F|  |TAMS 0x0000000087b00000| PB 0x0000000087b00000| Untracked 
| 102|0x0000000087c00000, 0x0000000087c00000, 0x0000000087d00000|  0%| F|  |TAMS 0x0000000087c00000| PB 0x0000000087c00000| Untracked 
| 103|0x0000000087d00000, 0x0000000087d00000, 0x0000000087e00000|  0%| F|  |TAMS 0x0000000087d00000| PB 0x0000000087d00000| Untracked 
| 104|0x0000000087e00000, 0x0000000087e00000, 0x0000000087f00000|  0%| F|  |TAMS 0x0000000087e00000| PB 0x0000000087e00000| Untracked 
| 105|0x0000000087f00000, 0x0000000087f00000, 0x0000000088000000|  0%| F|  |TAMS 0x0000000087f00000| PB 0x0000000087f00000| Untracked 
| 106|0x0000000088000000, 0x0000000088000000, 0x0000000088100000|  0%| F|  |TAMS 0x0000000088000000| PB 0x0000000088000000| Untracked 
| 107|0x0000000088100000, 0x0000000088100000, 0x0000000088200000|  0%| F|  |TAMS 0x0000000088100000| PB 0x0000000088100000| Untracked 
| 108|0x0000000088200000, 0x0000000088200000, 0x0000000088300000|  0%| F|  |TAMS 0x0000000088200000| PB 0x0000000088200000| Untracked 
| 109|0x0000000088300000, 0x0000000088300000, 0x0000000088400000|  0%| F|  |TAMS 0x0000000088300000| PB 0x0000000088300000| Untracked 
| 110|0x0000000088400000, 0x0000000088400000, 0x0000000088500000|  0%| F|  |TAMS 0x0000000088400000| PB 0x0000000088400000| Untracked 
| 111|0x0000000088500000, 0x0000000088500000, 0x0000000088600000|  0%| F|  |TAMS 0x0000000088500000| PB 0x0000000088500000| Untracked 
| 112|0x0000000088600000, 0x0000000088600000, 0x0000000088700000|  0%| F|  |TAMS 0x0000000088600000| PB 0x0000000088600000| Untracked 
| 113|0x0000000088700000, 0x0000000088800000, 0x0000000088800000|100%| S|CS|TAMS 0x0000000088700000| PB 0x0000000088700000| Complete 
| 114|0x0000000088800000, 0x0000000088900000, 0x0000000088900000|100%| S|CS|TAMS 0x0000000088800000| PB 0x0000000088800000| Complete 
| 115|0x0000000088900000, 0x0000000088900000, 0x0000000088a00000|  0%| F|  |TAMS 0x0000000088900000| PB 0x0000000088900000| Untracked 
| 116|0x0000000088a00000, 0x0000000088a00000, 0x0000000088b00000|  0%| F|  |TAMS 0x0000000088a00000| PB 0x0000000088a00000| Untracked 
| 117|0x0000000088b00000, 0x0000000088b00000, 0x0000000088c00000|  0%| F|  |TAMS 0x0000000088b00000| PB 0x0000000088b00000| Untracked 
| 118|0x0000000088c00000, 0x0000000088c00000, 0x0000000088d00000|  0%| F|  |TAMS 0x0000000088c00000| PB 0x0000000088c00000| Untracked 
| 119|0x0000000088d00000, 0x0000000088d00000, 0x0000000088e00000|  0%| F|  |TAMS 0x0000000088d00000| PB 0x0000000088d00000| Untracked 
| 120|0x0000000088e00000, 0x0000000088e00000, 0x0000000088f00000|  0%| F|  |TAMS 0x0000000088e00000| PB 0x0000000088e00000| Untracked 
| 121|0x0000000088f00000, 0x0000000088f00000, 0x0000000089000000|  0%| F|  |TAMS 0x0000000088f00000| PB 0x0000000088f00000| Untracked 
| 122|0x0000000089000000, 0x0000000089000000, 0x0000000089100000|  0%| F|  |TAMS 0x0000000089000000| PB 0x0000000089000000| Untracked 
| 123|0x0000000089100000, 0x0000000089100000, 0x0000000089200000|  0%| F|  |TAMS 0x0000000089100000| PB 0x0000000089100000| Untracked 
| 124|0x0000000089200000, 0x0000000089200000, 0x0000000089300000|  0%| F|  |TAMS 0x0000000089200000| PB 0x0000000089200000| Untracked 
| 125|0x0000000089300000, 0x0000000089300000, 0x0000000089400000|  0%| F|  |TAMS 0x0000000089300000| PB 0x0000000089300000| Untracked 
| 126|0x0000000089400000, 0x0000000089400000, 0x0000000089500000|  0%| F|  |TAMS 0x0000000089400000| PB 0x0000000089400000| Untracked 
| 127|0x0000000089500000, 0x0000000089551aa0, 0x0000000089600000| 31%| E|  |TAMS 0x0000000089500000| PB 0x0000000089500000| Complete 

Card table byte_map: [0x000001e5f8ed0000,0x000001e5f92d0000] _byte_map_base: 0x000001e5f8ac5000

Marking Bits: (CMBitMap*) 0x000001e5f06a2ef0
 Bits: [0x000001e5f92d0000, 0x000001e5fb278000)

Polling page: 0x000001e5ee5a0000

Metaspace:

Usage:
  Non-class:      4.37 MB used.
      Class:    233.65 KB used.
       Both:      4.59 MB used.

Virtual space:
  Non-class space:       64.00 MB reserved,       4.44 MB (  7%) committed,  1 nodes.
      Class space:        1.00 GB reserved,     320.00 KB ( <1%) committed,  1 nodes.
             Both:        1.06 GB reserved,       4.75 MB ( <1%) committed. 

Chunk freelists:
   Non-Class:  9.02 MB
       Class:  15.58 MB
        Both:  24.60 MB

MaxMetaspaceSize: unlimited
CompressedClassSpaceSize: 1.00 GB
Initial GC threshold: 21.00 MB
Current GC threshold: 21.00 MB
CDS: on
 - commit_granule_bytes: 65536.
 - commit_granule_words: 8192.
 - virtual_space_node_default_size: 8388608.
 - enlarge_chunks_in_place: 1.
 - use_allocation_guard: 0.


Internal statistics:

num_allocs_failed_limit: 0.
num_arena_births: 84.
num_arena_deaths: 0.
num_vsnodes_births: 2.
num_vsnodes_deaths: 0.
num_space_committed: 74.
num_space_uncommitted: 0.
num_chunks_returned_to_freelist: 0.
num_chunks_taken_from_freelist: 206.
num_chunk_merges: 0.
num_chunk_splits: 147.
num_chunks_enlarged: 112.
num_inconsistent_stats: 0.

CodeHeap 'non-profiled nmethods': size=120000Kb used=269Kb max_used=269Kb free=119730Kb
 bounds [0x000001e587ad0000, 0x000001e587d40000, 0x000001e58f000000]
CodeHeap 'profiled nmethods': size=120000Kb used=1411Kb max_used=1411Kb free=118588Kb
 bounds [0x000001e580000000, 0x000001e580270000, 0x000001e587530000]
CodeHeap 'non-nmethods': size=5760Kb used=2046Kb max_used=2068Kb free=3714Kb
 bounds [0x000001e587530000, 0x000001e5877a0000, 0x000001e587ad0000]
 total_blobs=1848 nmethods=872 adapters=881
 compilation: enabled
              stopped_count=0, restarted_count=0
 full_count=0

Compilation events (20 events):
Event: 2.304 Thread 0x000001e5fd7459e0 nmethod 861 0x000001e587b0c790 code [0x000001e587b0c920, 0x000001e587b0c9d0]
Event: 2.310 Thread 0x000001e5fd7459e0  862       4       java.lang.invoke.MethodType::makeImpl (109 bytes)
Event: 2.373 Thread 0x000001e5fd76d1c0  866   !   3       jdk.internal.ref.PhantomCleanable::remove (60 bytes)
Event: 2.373 Thread 0x000001e5fd76d1c0 nmethod 866 0x000001e58015fa10 code [0x000001e58015fbe0, 0x000001e580160010]
Event: 2.373 Thread 0x000001e5fd76d1c0  869   !   3       java.lang.ref.NativeReferenceQueue::poll (28 bytes)
Event: 2.373 Thread 0x000001e5fd76d1c0 nmethod 869 0x000001e580160210 code [0x000001e5801603e0, 0x000001e580160750]
Event: 2.373 Thread 0x000001e5fd76d1c0  870       3       java.lang.ref.SoftReference::get (29 bytes)
Event: 2.374 Thread 0x000001e5fd76d1c0 nmethod 870 0x000001e580160890 code [0x000001e580160a40, 0x000001e580160c08]
Event: 2.374 Thread 0x000001e5fd76d1c0  867       1       java.util.concurrent.locks.AbstractOwnableSynchronizer::setExclusiveOwnerThread (6 bytes)
Event: 2.374 Thread 0x000001e5fd76d1c0 nmethod 867 0x000001e587b0ce90 code [0x000001e587b0d020, 0x000001e587b0d130]
Event: 2.374 Thread 0x000001e5fd76d1c0  868       1       java.util.concurrent.locks.AbstractOwnableSynchronizer::getExclusiveOwnerThread (5 bytes)
Event: 2.374 Thread 0x000001e5fd76d1c0 nmethod 868 0x000001e587b0d190 code [0x000001e587b0d320, 0x000001e587b0d3e8]
Event: 2.378 Thread 0x000001e5fd7459e0 nmethod 862 0x000001e587b0d490 code [0x000001e587b0d820, 0x000001e587b0fa28]
Event: 2.379 Thread 0x000001e5fd7459e0  864       4       java.util.ImmutableCollections$List12::get (35 bytes)
Event: 2.379 Thread 0x000001e5fd7459e0 nmethod 864 0x000001e587b10e10 code [0x000001e587b10fa0, 0x000001e587b11050]
Event: 2.379 Thread 0x000001e5fd7459e0  863       4       java.lang.invoke.BoundMethodHandle::<init> (32 bytes)
Event: 2.383 Thread 0x000001e5fd7459e0 nmethod 863 0x000001e587b11110 code [0x000001e587b112c0, 0x000001e587b11708]
Event: 2.383 Thread 0x000001e5fd7459e0  871       4       java.lang.invoke.MethodType$ConcurrentWeakInternSet::get (47 bytes)
Event: 2.397 Thread 0x000001e5fd7459e0 nmethod 871 0x000001e587b11990 code [0x000001e587b11be0, 0x000001e587b129e0]
Event: 2.397 Thread 0x000001e5fd7459e0  872   !   4       java.lang.invoke.MemberName::getFieldType (176 bytes)

GC Heap History (2 events):
Event: 2.352 GC heap before
{Heap before GC invocations=0 (full 0):
 garbage-first heap   total 131072K, used 13312K [0x0000000081600000, 0x0000000100000000)
  region size 1024K, 13 young (13312K), 0 survivors (0K)
 Metaspace       used 4700K, committed 4864K, reserved 1114112K
  class space    used 233K, committed 320K, reserved 1048576K
}
Event: 2.372 GC heap after
{Heap after GC invocations=1 (full 0):
 garbage-first heap   total 131072K, used 2602K [0x0000000081600000, 0x0000000100000000)
  region size 1024K, 2 young (2048K), 2 survivors (2048K)
 Metaspace       used 4700K, committed 4864K, reserved 1114112K
  class space    used 233K, committed 320K, reserved 1048576K
}

Dll operation events (8 events):
Event: 0.037 Loaded shared library C:\Program Files\Java\jdk-21\bin\java.dll
Event: 0.097 Loaded shared library C:\Program Files\Java\jdk-21\bin\jsvml.dll
Event: 0.488 Loaded shared library C:\Program Files\Java\jdk-21\bin\net.dll
Event: 0.490 Loaded shared library C:\Program Files\Java\jdk-21\bin\nio.dll
Event: 0.498 Loaded shared library C:\Program Files\Java\jdk-21\bin\zip.dll
Event: 0.567 Loaded shared library C:\Program Files\Java\jdk-21\bin\jimage.dll
Event: 0.815 Loaded shared library C:\Users\Ethan\AppData\Local\Temp\lwjglEthan\3.2.3-build-13\lwjgl.dll
Event: 1.188 Loaded shared library C:\Users\Ethan\AppData\Local\Temp\lwjglEthan\3.2.3-build-13\lwjgl_opengl.dll

Deoptimization events (20 events):
Event: 0.555 Thread 0x000001e5ee3edb40 DEOPT PACKING pc=0x000001e587ad5874 sp=0x000000bf687fa9c0
Event: 0.555 Thread 0x000001e5ee3edb40 DEOPT UNPACKING pc=0x000001e5875846a2 sp=0x000000bf687fa8f8 mode 2
Event: 0.661 Thread 0x000001e5ee3edb40 DEOPT PACKING pc=0x000001e58001a4f3 sp=0x000000bf687f7760
Event: 0.661 Thread 0x000001e5ee3edb40 DEOPT UNPACKING pc=0x000001e587584e42 sp=0x000000bf687f6b80 mode 0
Event: 0.801 Thread 0x000001e5ee3edb40 DEOPT PACKING pc=0x000001e58001a4f3 sp=0x000000bf687fb8c0
Event: 0.802 Thread 0x000001e5ee3edb40 DEOPT UNPACKING pc=0x000001e587584e42 sp=0x000000bf687face0 mode 0
Event: 0.849 Thread 0x000001e5ee3edb40 DEOPT PACKING pc=0x000001e580009a54 sp=0x000000bf687fd750
Event: 0.849 Thread 0x000001e5ee3edb40 DEOPT UNPACKING pc=0x000001e587584e42 sp=0x000000bf687fcbb8 mode 0
Event: 1.669 Thread 0x000001e5ee3edb40 Uncommon trap: trap_request=0xffffff54 fr.pc=0x000001e587afc798 relative=0x0000000000000078
Event: 1.669 Thread 0x000001e5ee3edb40 Uncommon trap: reason=speculate_null_assert action=make_not_entrant pc=0x000001e587afc798 method=sun.misc.Unsafe.putLong(Ljava/lang/Object;JJ)V @ 7 c2
Event: 1.669 Thread 0x000001e5ee3edb40 DEOPT PACKING pc=0x000001e587afc798 sp=0x000000bf687ff000
Event: 1.669 Thread 0x000001e5ee3edb40 DEOPT UNPACKING pc=0x000001e5875846a2 sp=0x000000bf687fef98 mode 2
Event: 2.372 Thread 0x000001e5ee3edb40 Uncommon trap: trap_request=0xffffff45 fr.pc=0x000001e587b0c698 relative=0x00000000000000f8
Event: 2.372 Thread 0x000001e5ee3edb40 Uncommon trap: reason=unstable_if action=reinterpret pc=0x000001e587b0c698 method=java.lang.ref.SoftReference.get()Ljava/lang/Object; @ 17 c2
Event: 2.372 Thread 0x000001e5ee3edb40 DEOPT PACKING pc=0x000001e587b0c698 sp=0x000000bf687fe840
Event: 2.372 Thread 0x000001e5ee3edb40 DEOPT UNPACKING pc=0x000001e5875846a2 sp=0x000000bf687fe7f0 mode 2
Event: 2.373 Thread 0x000001e5ee3edb40 Uncommon trap: trap_request=0xffffff45 fr.pc=0x000001e587b0c98c relative=0x000000000000006c
Event: 2.373 Thread 0x000001e5ee3edb40 Uncommon trap: reason=unstable_if action=reinterpret pc=0x000001e587b0c98c method=java.lang.ref.ReferenceQueue.headIsNull()Z @ 4 c2
Event: 2.373 Thread 0x000001e5ee3edb40 DEOPT PACKING pc=0x000001e587b0c98c sp=0x000000bf687fea80
Event: 2.373 Thread 0x000001e5ee3edb40 DEOPT UNPACKING pc=0x000001e5875846a2 sp=0x000000bf687fe9a8 mode 2

Classes loaded (20 events):
Event: 0.844 Loading class java/nio/BufferUnderflowException
Event: 0.844 Loading class java/nio/BufferUnderflowException done
Event: 0.928 Loading class java/lang/NoSuchFieldError
Event: 0.928 Loading class java/lang/NoSuchFieldError done
Event: 0.936 Loading class jdk/internal/reflect/MethodHandleIntegerFieldAccessorImpl
Event: 0.936 Loading class jdk/internal/reflect/MethodHandleIntegerFieldAccessorImpl done
Event: 1.633 Loading class jdk/internal/module/ModulePatcher$PatchedModuleReader
Event: 1.633 Loading class jdk/internal/module/ModulePatcher$PatchedModuleReader done
Event: 1.633 Loading class jdk/internal/foreign/MemorySessionImpl
Event: 1.634 Loading class java/lang/foreign/MemorySegment$Scope
Event: 1.634 Loading class java/lang/foreign/MemorySegment$Scope done
Event: 1.634 Loading class jdk/internal/foreign/MemorySessionImpl done
Event: 1.634 Loading class sun/net/www/protocol/jrt/Handler
Event: 1.634 Loading class sun/net/www/protocol/jrt/Handler done
Event: 1.642 Loading class sun/text/resources/cldr/FormatData_en
Event: 1.643 Loading class sun/text/resources/cldr/FormatData_en done
Event: 1.644 Loading class sun/text/resources/cldr/FormatData_en_US
Event: 1.644 Loading class sun/text/resources/cldr/FormatData_en_US done
Event: 2.222 Loading class jdk/internal/reflect/MethodHandleLongFieldAccessorImpl
Event: 2.222 Loading class jdk/internal/reflect/MethodHandleLongFieldAccessorImpl done

Classes unloaded (0 events):
No events

Classes redefined (0 events):
No events

Internal exceptions (20 events):
Event: 0.717 Thread 0x000001e5ee3edb40 Exception <a 'java/lang/NoSuchMethodError'{0x000000008928bc60}: 'java.lang.Object java.lang.invoke.DirectMethodHandle$Holder.invokeStatic(java.lang.Object, java.lang.Object, int)'> (0x000000008928bc60) 
thrown [s\open\src\hotspot\share\interpreter\linkResolver.cpp, line 773]
Event: 0.720 Thread 0x000001e5ee3edb40 Exception <a 'java/lang/NoSuchMethodError'{0x0000000089297538}: 'void java.lang.invoke.DelegatingMethodHandle$Holder.delegate(java.lang.Object, java.lang.Object, int, java.lang.Object)'> (0x0000000089297538) 
thrown [s\open\src\hotspot\share\interpreter\linkResolver.cpp, line 773]
Event: 0.721 Thread 0x000001e5ee3edb40 Exception <a 'java/lang/NoSuchMethodError'{0x000000008929b420}: 'int java.lang.invoke.DirectMethodHandle$Holder.invokeSpecial(java.lang.Object, java.lang.Object, java.lang.Object)'> (0x000000008929b420) 
thrown [s\open\src\hotspot\share\interpreter\linkResolver.cpp, line 773]
Event: 0.729 Thread 0x000001e5ee3edb40 Exception <a 'java/lang/NoSuchMethodError'{0x00000000892b4710}: 'void java.lang.System.loadLibrary(java.lang.String, java.lang.Class)'> (0x00000000892b4710) 
thrown [s\open\src\hotspot\share\interpreter\linkResolver.cpp, line 773]
Event: 0.827 Thread 0x000001e5ee3edb40 Exception <a 'sun/nio/fs/WindowsException'{0x00000000892e32d0}> (0x00000000892e32d0) 
thrown [s\open\src\hotspot\share\prims\jni.cpp, line 520]
Event: 0.827 Thread 0x000001e5ee3edb40 Exception <a 'sun/nio/fs/WindowsException'{0x00000000892e3808}> (0x00000000892e3808) 
thrown [s\open\src\hotspot\share\prims\jni.cpp, line 520]
Event: 0.925 Thread 0x000001e5ee3edb40 Exception <a 'sun/nio/fs/WindowsException'{0x0000000089189e40}> (0x0000000089189e40) 
thrown [s\open\src\hotspot\share\prims\jni.cpp, line 520]
Event: 0.925 Thread 0x000001e5ee3edb40 Exception <a 'sun/nio/fs/WindowsException'{0x000000008918a1b0}> (0x000000008918a1b0) 
thrown [s\open\src\hotspot\share\prims\jni.cpp, line 520]
Event: 0.939 Thread 0x000001e5ee3edb40 Exception <a 'java/lang/NoSuchMethodError'{0x000000008919abc0}: 'int java.lang.invoke.Invokers$Holder.invokeExact_MT(java.lang.Object, java.lang.Object)'> (0x000000008919abc0) 
thrown [s\open\src\hotspot\share\interpreter\linkResolver.cpp, line 773]
Event: 1.141 Thread 0x000001e5ee3edb40 Exception <a 'java/lang/NoSuchMethodError'{0x00000000891e8250}: 'void java.lang.invoke.DirectMethodHandle$Holder.invokeStaticInit(java.lang.Object, long, double, double)'> (0x00000000891e8250) 
thrown [s\open\src\hotspot\share\interpreter\linkResolver.cpp, line 773]
Event: 1.146 Thread 0x000001e5ee3edb40 Exception <a 'java/lang/NoSuchMethodError'{0x00000000891f5e40}: 'void java.lang.invoke.DirectMethodHandle$Holder.invokeStaticInit(java.lang.Object, long, int, int, int)'> (0x00000000891f5e40) 
thrown [s\open\src\hotspot\share\interpreter\linkResolver.cpp, line 773]
Event: 1.154 Thread 0x000001e5ee3edb40 Exception <a 'java/lang/NoSuchMethodError'{0x000000008900bbb0}: 'void java.lang.invoke.DirectMethodHandle$Holder.invokeStaticInit(java.lang.Object, long, int, int, int, int)'> (0x000000008900bbb0) 
thrown [s\open\src\hotspot\share\interpreter\linkResolver.cpp, line 773]
Event: 1.176 Thread 0x000001e5ee3edb40 Exception <a 'java/lang/NoSuchMethodError'{0x000000008902e698}: 'void java.lang.System.load(java.lang.String, java.lang.Class)'> (0x000000008902e698) 
thrown [s\open\src\hotspot\share\interpreter\linkResolver.cpp, line 773]
Event: 1.177 Thread 0x000001e5ee3edb40 Exception <a 'java/lang/NoSuchMethodError'{0x0000000089031038}: 'void java.lang.System.loadLibrary(java.lang.String, java.lang.Class)'> (0x0000000089031038) 
thrown [s\open\src\hotspot\share\interpreter\linkResolver.cpp, line 773]
Event: 1.185 Thread 0x000001e5ee3edb40 Exception <a 'sun/nio/fs/WindowsException'{0x00000000890403e8}> (0x00000000890403e8) 
thrown [s\open\src\hotspot\share\prims\jni.cpp, line 520]
Event: 1.185 Thread 0x000001e5ee3edb40 Exception <a 'sun/nio/fs/WindowsException'{0x0000000089040798}> (0x0000000089040798) 
thrown [s\open\src\hotspot\share\prims\jni.cpp, line 520]
Event: 1.191 Thread 0x000001e5ee3edb40 Exception <a 'sun/nio/fs/WindowsException'{0x0000000089046968}> (0x0000000089046968) 
thrown [s\open\src\hotspot\share\prims\jni.cpp, line 520]
Event: 1.191 Thread 0x000001e5ee3edb40 Exception <a 'sun/nio/fs/WindowsException'{0x0000000089046c50}> (0x0000000089046c50) 
thrown [s\open\src\hotspot\share\prims\jni.cpp, line 520]
Event: 2.222 Thread 0x000001e5ee3edb40 Exception <a 'java/lang/NoSuchMethodError'{0x0000000088a27f28}: 'long java.lang.invoke.DelegatingMethodHandle$Holder.reinvoke_L(java.lang.Object, java.lang.Object)'> (0x0000000088a27f28) 
thrown [s\open\src\hotspot\share\interpreter\linkResolver.cpp, line 773]
Event: 2.224 Thread 0x000001e5ee3edb40 Exception <a 'java/lang/NoSuchMethodError'{0x0000000088a2e2b0}: 'long java.lang.invoke.Invokers$Holder.invokeExact_MT(java.lang.Object, java.lang.Object, java.lang.Object)'> (0x0000000088a2e2b0) 
thrown [s\open\src\hotspot\share\interpreter\linkResolver.cpp, line 773]

ZGC Phase Switch (0 events):
No events

VM Operations (6 events):
Event: 0.499 Executing VM operation: HandshakeAllThreads (Deoptimize)
Event: 0.499 Executing VM operation: HandshakeAllThreads (Deoptimize) done
Event: 1.509 Executing VM operation: Cleanup
Event: 1.620 Executing VM operation: Cleanup done
Event: 2.352 Executing VM operation: G1CollectForAllocation (G1 Evacuation Pause)
Event: 2.372 Executing VM operation: G1CollectForAllocation (G1 Evacuation Pause) done

Events (14 events):
Event: 0.067 Thread 0x000001e5ee3edb40 Thread added: 0x000001e5ee3edb40
Event: 0.090 Thread 0x000001e5fd73bf10 Thread added: 0x000001e5fd73bf10
Event: 0.090 Thread 0x000001e5fd73ce30 Thread added: 0x000001e5fd73ce30
Event: 0.090 Thread 0x000001e5fd740c20 Thread added: 0x000001e5fd740c20
Event: 0.091 Thread 0x000001e5fd743790 Thread added: 0x000001e5fd743790
Event: 0.091 Thread 0x000001e5fd7441f0 Thread added: 0x000001e5fd7441f0
Event: 0.091 Thread 0x000001e5fd744c50 Thread added: 0x000001e5fd744c50
Event: 0.091 Thread 0x000001e5fd7459e0 Thread added: 0x000001e5fd7459e0
Event: 0.093 Thread 0x000001e5fd76d1c0 Thread added: 0x000001e5fd76d1c0
Event: 0.158 Thread 0x000001e5fd9a8ce0 Thread added: 0x000001e5fd9a8ce0
Event: 0.158 Thread 0x000001e5fd9b3ec0 Thread added: 0x000001e5fd9b3ec0
Event: 0.161 Thread 0x000001e5fd9ba560 Thread added: 0x000001e5fd9ba560
Event: 0.466 Thread 0x000001e5fd9bf430 Thread added: 0x000001e5fd9bf430
Event: 0.472 Thread 0x000001e5fd9c0c70 Thread added: 0x000001e5fd9c0c70


Dynamic libraries:
0x00007ff656a10000 - 0x00007ff656a20000 	C:\Program Files\Java\jdk-21\bin\java.exe
0x00007fffe0670000 - 0x00007fffe0868000 	C:\WINDOWS\SYSTEM32\ntdll.dll
0x00007fffdeb30000 - 0x00007fffdebed000 	C:\WINDOWS\System32\KERNEL32.DLL
0x00007fffde060000 - 0x00007fffde356000 	C:\WINDOWS\System32\KERNELBASE.dll
0x00007fffddf30000 - 0x00007fffde030000 	C:\WINDOWS\System32\ucrtbase.dll
0x00007fffd8990000 - 0x00007fffd89ab000 	C:\Program Files\Java\jdk-21\bin\VCRUNTIME140.dll
0x00007fffd89b0000 - 0x00007fffd89c9000 	C:\Program Files\Java\jdk-21\bin\jli.dll
0x00007fffe00e0000 - 0x00007fffe0190000 	C:\WINDOWS\System32\ADVAPI32.dll
0x00007fffe0040000 - 0x00007fffe00de000 	C:\WINDOWS\System32\msvcrt.dll
0x00007fffe0190000 - 0x00007fffe0230000 	C:\WINDOWS\System32\sechost.dll
0x00007fffdf9c0000 - 0x00007fffdfae3000 	C:\WINDOWS\System32\RPCRT4.dll
0x00007fffde030000 - 0x00007fffde057000 	C:\WINDOWS\System32\bcrypt.dll
0x00007fffe0490000 - 0x00007fffe062f000 	C:\WINDOWS\System32\USER32.dll
0x00007fffde360000 - 0x00007fffde382000 	C:\WINDOWS\System32\win32u.dll
0x00007fffdf720000 - 0x00007fffdf74b000 	C:\WINDOWS\System32\GDI32.dll
0x00007fffde390000 - 0x00007fffde4a7000 	C:\WINDOWS\System32\gdi32full.dll
0x00007fffddd30000 - 0x00007fffdddcd000 	C:\WINDOWS\System32\msvcp_win.dll
0x00007fffcf880000 - 0x00007fffcfb1a000 	C:\WINDOWS\WinSxS\amd64_microsoft.windows.common-controls_6595b64144ccf1df_6.0.19041.4355_none_60b8b9eb71f62e16\COMCTL32.dll
0x00007fffd3000000 - 0x00007fffd300a000 	C:\WINDOWS\SYSTEM32\VERSION.dll
0x00007fffe0330000 - 0x00007fffe035f000 	C:\WINDOWS\System32\IMM32.DLL
0x00007fffd8980000 - 0x00007fffd898c000 	C:\Program Files\Java\jdk-21\bin\vcruntime140_1.dll
0x00007fffb9e70000 - 0x00007fffb9efe000 	C:\Program Files\Java\jdk-21\bin\msvcp140.dll
0x00007fffaa7f0000 - 0x00007fffab4fd000 	C:\Program Files\Java\jdk-21\bin\server\jvm.dll
0x00007fffe0420000 - 0x00007fffe048b000 	C:\WINDOWS\System32\WS2_32.dll
0x00007fffddb80000 - 0x00007fffddbcb000 	C:\WINDOWS\SYSTEM32\POWRPROF.dll
0x00007fffce0f0000 - 0x00007fffce117000 	C:\WINDOWS\SYSTEM32\WINMM.dll
0x00007fffddb60000 - 0x00007fffddb72000 	C:\WINDOWS\SYSTEM32\UMPDC.dll
0x00007fffdbbd0000 - 0x00007fffdbbe2000 	C:\WINDOWS\SYSTEM32\kernel.appcore.dll
0x00007fffd8970000 - 0x00007fffd897a000 	C:\Program Files\Java\jdk-21\bin\jimage.dll
0x00007fffd02d0000 - 0x00007fffd04b4000 	C:\WINDOWS\SYSTEM32\DBGHELP.DLL
0x00007fffd0670000 - 0x00007fffd06a4000 	C:\WINDOWS\SYSTEM32\dbgcore.DLL
0x00007fffde570000 - 0x00007fffde5f2000 	C:\WINDOWS\System32\bcryptPrimitives.dll
0x00007fffd1660000 - 0x00007fffd169c000 	C:\Program Files\Java\jdk-21\bin\jdwp.dll
0x00007fffd8940000 - 0x00007fffd895f000 	C:\Program Files\Java\jdk-21\bin\java.dll
0x00007fffdefb0000 - 0x00007fffdf71c000 	C:\WINDOWS\System32\SHELL32.dll
0x00007fffdbdd0000 - 0x00007fffdc56d000 	C:\WINDOWS\SYSTEM32\windows.storage.dll
0x00007fffdebf0000 - 0x00007fffdef43000 	C:\WINDOWS\System32\combase.dll
0x00007fffdd680000 - 0x00007fffdd6ae000 	C:\WINDOWS\SYSTEM32\Wldp.dll
0x00007fffdfdd0000 - 0x00007fffdfe9d000 	C:\WINDOWS\System32\OLEAUT32.dll
0x00007fffdfea0000 - 0x00007fffdff4d000 	C:\WINDOWS\System32\SHCORE.dll
0x00007fffdffe0000 - 0x00007fffe0035000 	C:\WINDOWS\System32\shlwapi.dll
0x00007fffddc60000 - 0x00007fffddc84000 	C:\WINDOWS\SYSTEM32\profapi.dll
0x00007fffb9750000 - 0x00007fffb9827000 	C:\Program Files\Java\jdk-21\bin\jsvml.dll
0x00007fffd88e0000 - 0x00007fffd88ec000 	C:\Program Files\Java\jdk-21\bin\dt_socket.dll
0x00007fffdd0c0000 - 0x00007fffdd0fb000 	C:\WINDOWS\SYSTEM32\IPHLPAPI.DLL
0x00007fffdd3e0000 - 0x00007fffdd44a000 	C:\WINDOWS\system32\mswsock.dll
0x00007fffd8930000 - 0x00007fffd8940000 	C:\Program Files\Java\jdk-21\bin\net.dll
0x00007fffd5840000 - 0x00007fffd594a000 	C:\WINDOWS\SYSTEM32\WINHTTP.dll
0x00007fffd1a20000 - 0x00007fffd1a36000 	C:\Program Files\Java\jdk-21\bin\nio.dll
0x00007fffd82d0000 - 0x00007fffd82e8000 	C:\Program Files\Java\jdk-21\bin\zip.dll
0x00007fffd1580000 - 0x00007fffd15e4000 	C:\Users\Ethan\AppData\Local\Temp\lwjglEthan\3.2.3-build-13\lwjgl.dll
0x00007fffd1510000 - 0x00007fffd1572000 	C:\Users\Ethan\AppData\Local\Temp\lwjglEthan\3.2.3-build-13\glfw.dll
0x00007fffdb6f0000 - 0x00007fffdb78e000 	C:\WINDOWS\system32\uxtheme.dll
0x00007fffd1420000 - 0x00007fffd1465000 	C:\WINDOWS\SYSTEM32\dinput8.dll
0x00007fffd3880000 - 0x00007fffd3891000 	C:\WINDOWS\SYSTEM32\xinput1_4.dll
0x00007fffde4b0000 - 0x00007fffde4fe000 	C:\WINDOWS\System32\cfgmgr32.dll
0x00007fffdda00000 - 0x00007fffdda33000 	C:\WINDOWS\SYSTEM32\DEVOBJ.dll
0x00007fffdb8e0000 - 0x00007fffdb90f000 	C:\WINDOWS\SYSTEM32\dwmapi.dll
0x00007fffdf760000 - 0x00007fffdf874000 	C:\WINDOWS\System32\MSCTF.dll
0x00007fffdc570000 - 0x00007fffdc57d000 	C:\WINDOWS\SYSTEM32\HID.DLL
0x00007fffde6b0000 - 0x00007fffdeb1e000 	C:\WINDOWS\System32\SETUPAPI.DLL
0x00007fffde500000 - 0x00007fffde569000 	C:\WINDOWS\System32\WINTRUST.dll
0x00007fffdddd0000 - 0x00007fffddf2e000 	C:\WINDOWS\System32\CRYPT32.dll
0x00007fffdd810000 - 0x00007fffdd822000 	C:\WINDOWS\SYSTEM32\MSASN1.dll
0x00007fffdce20000 - 0x00007fffdce53000 	C:\WINDOWS\SYSTEM32\ntmarta.dll
0x00007fffcbf10000 - 0x00007fffcc062000 	C:\WINDOWS\SYSTEM32\inputhost.dll
0x00007fffda1b0000 - 0x00007fffda2a2000 	C:\WINDOWS\SYSTEM32\CoreMessaging.dll
0x00007fffdad10000 - 0x00007fffdae06000 	C:\WINDOWS\SYSTEM32\PROPSYS.dll
0x00007fffda2b0000 - 0x00007fffda407000 	C:\WINDOWS\SYSTEM32\wintypes.dll
0x00007fffd9d00000 - 0x00007fffda05b000 	C:\WINDOWS\SYSTEM32\CoreUIComponents.dll
0x00007fffcc1c0000 - 0x00007fffcc2e5000 	C:\WINDOWS\SYSTEM32\opengl32.dll
0x00007fffcc150000 - 0x00007fffcc17c000 	C:\WINDOWS\SYSTEM32\GLU32.dll
0x00007fffe0360000 - 0x00007fffe0409000 	C:\WINDOWS\System32\clbcatq.dll
0x00007fff73a00000 - 0x00007fff74547000 	C:\WINDOWS\SYSTEM32\ig75icd64.dll
0x00007fffd3e40000 - 0x00007fffd487f000 	C:\WINDOWS\SYSTEM32\igdusc64.dll
0x00007fffd9960000 - 0x00007fffd9974000 	C:\WINDOWS\SYSTEM32\WTSAPI32.dll
0x00007fffd5800000 - 0x00007fffd583b000 	C:\WINDOWS\SYSTEM32\dxcore.dll
0x00007fffdc6d0000 - 0x00007fffdc7c2000 	C:\WINDOWS\SYSTEM32\dxgi.dll
0x00007fffd8eb0000 - 0x00007fffd9113000 	C:\WINDOWS\SYSTEM32\d3d11.dll
0x00007fffd4880000 - 0x00007fffd57dd000 	C:\WINDOWS\SYSTEM32\igd10iumd64.dll
0x00007fffdd6f0000 - 0x00007fffdd719000 	C:\WINDOWS\SYSTEM32\ncrypt.dll
0x00007fffdab30000 - 0x00007fffdabc0000 	C:\WINDOWS\SYSTEM32\apphelp.dll
0x00007fffdd6b0000 - 0x00007fffdd6eb000 	C:\WINDOWS\SYSTEM32\NTASN1.dll
0x00007fffcc6a0000 - 0x00007fffcc799000 	C:\WINDOWS\SYSTEM32\textinputframework.dll
0x00007fffd1380000 - 0x00007fffd13d9000 	C:\Users\Ethan\AppData\Local\Temp\lwjglEthan\3.2.3-build-13\lwjgl_opengl.dll

dbghelp: loaded successfully - version: 4.0.5 - missing functions: none
symbol engine: initialized successfully - sym options: 0x614 - pdb path: .;C:\Program Files\Java\jdk-21\bin;C:\WINDOWS\SYSTEM32;C:\WINDOWS\WinSxS\amd64_microsoft.windows.common-controls_6595b64144ccf1df_6.0.19041.4355_none_60b8b9eb71f62e16;C:\Program Files\Java\jdk-21\bin\server;C:\Users\Ethan\AppData\Local\Temp\lwjglEthan\3.2.3-build-13

VM Arguments:
jvm_args: -agentlib:jdwp=transport=dt_socket,server=n,suspend=y,address=127.0.0.1:50347 -Dfile.encoding=windows-1252 -Duser.country=US -Duser.language=en -Duser.variant 
java_command: Main
java_class_path (initial): C:\Users\Ethan\Desktop\game\MarioGame\build\classes\java\main;C:\Users\Ethan\Desktop\game\MarioGame\build\resources\main;C:\Users\Ethan\.gradle\caches\modules-2\files-2.1\org.lwjgl\lwjgl-assimp\3.2.3\f62aa07a20afbdd3097efc296c4841e0d29700eb\lwjgl-assimp-3.2.3.jar;C:\Users\Ethan\.gradle\caches\modules-2\files-2.1\org.lwjgl\lwjgl-assimp\3.2.3\4e60aeb75f0343c4a9ede4ef8b6b32ca702a00a3\lwjgl-assimp-3.2.3-natives-windows.jar;C:\Users\Ethan\.gradle\caches\modules-2\files-2.1\org.lwjgl\lwjgl-glfw\3.2.3\5e520d5c290c8b012545a8d34fa5db5ab051ea53\lwjgl-glfw-3.2.3.jar;C:\Users\Ethan\.gradle\caches\modules-2\files-2.1\org.lwjgl\lwjgl-glfw\3.2.3\b4d8a3477cdc2edcf7a5f1e822926be846223f54\lwjgl-glfw-3.2.3-natives-windows.jar;C:\Users\Ethan\.gradle\caches\modules-2\files-2.1\org.lwjgl\lwjgl-nfd\3.2.3\c44fee1043c022cf6614a28872d44cf114ca7737\lwjgl-nfd-3.2.3.jar;C:\Users\Ethan\.gradle\caches\modules-2\files-2.1\org.lwjgl\lwjgl-nfd\3.2.3\32782f5f5c57769efb82af864e70b819c77bc891\lwjgl-nfd-3.2.3-natives-windows.jar;C:\Users\Ethan\.gradle\caches\modules-2\files-2.1\org.lwjgl\lwjgl-openal\3.2.3\106742e805803ab9eab8e343f0fb31a3d263903c\lwjgl-openal-3.2.3.jar;C:\Users\Ethan\.gradle\caches\modules-2\files-2.1\org.lwjgl\lwjgl-openal\3.2.3\ec898e8ce11b5886f4f532a1536283ef2817758d\lwjgl-openal-3.2.3-natives-windows.jar;C:\Users\Ethan\.gradle\caches\modules-2\files-2.1\org.lwjgl\lwjgl-opengl\3.2.3\bdd534a323d0c8f54969b95e424b6ac8984f7d6e\lwjgl-opengl-3.2.3.jar;C:\Users\Ethan\.gradle\caches\modules-2\files-2.1\org.lwjgl\lwjgl-opengl\3.2.3\e81cfc73ec8708e5e791ed770e4ec3edfc1bbab1\lwjgl-opengl-3.2.3-natives-windows.jar;C:\Users\Ethan\.gradle\caches\modules-2\files-2.1\org.lwjgl\lwjgl-stb\3.2.3\40eccaa4fa86fc815f2e17946a392fb5fdcc286a\lwjgl-stb-3.2.3.jar;C:\Users\Ethan\.gradle\caches\modules-2\files-2.1\org.lwjgl\lwjgl-stb\3.2.3\817b21ec286f0ba3dcedb56a3bd275e6a9345be9\lwjgl-stb-3.2.3-natives-windows.jar;C:\Users\Ethan\.gradle\caches\modules-2\files-2.1\org.lwjgl\lwjgl\3.2.3\17a59ba0fe8d474ec9dbe0d5db40d2cfe59c4c08\lwjgl-3.2.3.jar;C:\Users\Ethan\.gradle\caches\modules-2\files-2.1\org.lwjgl\lwjgl\3.2.3\27f32cd35349684745951e04388e8e00d681cdcd\lwjgl-3.2.3-natives-windows.jar;C:\Users\Ethan\.gradle\caches\modules-2\files-2.1\org.joml\joml\1.10.5\22566d58af70ad3d72308bab63b8339906deb649\joml-1.10.5.jar
Launcher Type: SUN_STANDARD

[Global flags]
     intx CICompilerCount                          = 3                                         {product} {ergonomic}
     uint ConcGCThreads                            = 1                                         {product} {ergonomic}
     uint G1ConcRefinementThreads                  = 4                                         {product} {ergonomic}
   size_t G1HeapRegionSize                         = 1048576                                   {product} {ergonomic}
    uintx GCDrainStackTargetSize                   = 64                                        {product} {ergonomic}
   size_t InitialHeapSize                          = 134217728                                 {product} {ergonomic}
   size_t MarkStackSize                            = 4194304                                   {product} {ergonomic}
   size_t MaxHeapSize                              = 2124414976                                {product} {ergonomic}
   size_t MaxNewSize                               = 1274019840                                {product} {ergonomic}
   size_t MinHeapDeltaBytes                        = 1048576                                   {product} {ergonomic}
   size_t MinHeapSize                              = 8388608                                   {product} {ergonomic}
    uintx NonNMethodCodeHeapSize                   = 5832780                                {pd product} {ergonomic}
    uintx NonProfiledCodeHeapSize                  = 122912730                              {pd product} {ergonomic}
    uintx ProfiledCodeHeapSize                     = 122912730                              {pd product} {ergonomic}
    uintx ReservedCodeCacheSize                    = 251658240                              {pd product} {ergonomic}
     bool SegmentedCodeCache                       = true                                      {product} {ergonomic}
   size_t SoftMaxHeapSize                          = 2124414976                             {manageable} {ergonomic}
     bool UseCompressedOops                        = true                           {product lp64_product} {ergonomic}
     bool UseG1GC                                  = true                                      {product} {ergonomic}
     bool UseLargePagesIndividualAllocation        = false                                  {pd product} {ergonomic}

Logging:
Log output configuration:
 #0: stdout all=warning uptime,level,tags foldmultilines=false
 #1: stderr all=off uptime,level,tags foldmultilines=false

Environment Variables:
PATH=C:\Program Files\Common Files\Oracle\Java\javapath;C:\WINDOWS\system32;C:\WINDOWS;C:\WINDOWS\System32\Wbem;C:\WINDOWS\System32\WindowsPowerShell\v1.0\;C:\WINDOWS\System32\OpenSSH\;C:\Program Files\Microsoft VS Code\bin;C:\Program Files\PuTTY\;C:\Program Files\dotnet\;C:\Program Files\Git\cmd;C:\Users\Ethan\AppData\Local\Microsoft\WindowsApps;
USERNAME=Ethan
OS=Windows_NT
PROCESSOR_IDENTIFIER=Intel64 Family 6 Model 60 Stepping 3, GenuineIntel
TMP=C:\Users\Ethan\AppData\Local\Temp
TEMP=C:\Users\Ethan\AppData\Local\Temp




Periodic native trim disabled

---------------  S Y S T E M  ---------------

OS:
 Windows 10 , 64 bit Build 19041 (10.0.19041.3636)
OS uptime: 0 days 1:00 hours

CPU: total 4 (initial active 4) (2 cores per cpu, 2 threads per core) family 6 model 60 stepping 3 microcode 0x27, cx8, cmov, fxsr, ht, mmx, sse, sse2, sse3, ssse3, sse4.1, sse4.2, popcnt, lzcnt, tsc, tscinvbit, avx, avx2, aes, erms, clmul, bmi1, bmi2, fma, vzeroupper, clflush, rdtscp, f16c
Processor Information for all 4 processors :
  Max Mhz: 2901, Current Mhz: 2901, Mhz Limit: 2901

Memory: 4k page, system-wide physical 8097M (779M free)
TotalPageFile size 16757M (AvailPageFile size 5891M)
current process WorkingSet (physical memory assigned to process): 89M, peak: 90M
current process commit charge ("private bytes"): 264M, peak: 265M

vm_info: Java HotSpot(TM) 64-Bit Server VM (21.0.3+7-LTS-152) for windows-amd64 JRE (21.0.3+7-LTS-152), built on 2024-03-11T17:42:26Z by "mach5one" with MS VC++ 17.6 (VS2022)

END.
